ssl/Super Market/app/build/outputs/logs/manifest-merger-debug-report.txt
-- Merging decision tree log ---
application
INJECTED from src\main\AndroidManifest.xml:25:5-54:19
MERGED from [com.github.GoogleChrome.custom-tabs-client:customtabs:126c460] AndroidManifest.xml:22:5-23:19
MERGED from [com.github.GoogleChrome.custom-tabs-client:customtabs:126c460] AndroidManifest.xml:22:5-23:19
MERGED from [com.github.GoogleChrome.custom-tabs-client:shared:126c460] AndroidManifest.xml:26:5-20
MERGED from [com.github.GoogleChrome.custom-tabs-client:shared:126c460] AndroidManifest.xml:26:5-20
	android:supportsRtl
		ADDED from src\main\AndroidManifest.xml:29:9-35
	android:label
		INJECTED from src\main\AndroidManifest.xml
		ADDED from src\main\AndroidManifest.xml:28:9-40
	android:icon
		ADDED from src\main\AndroidManifest.xml:27:9-43
	android:allowBackup
		ADDED from src\main\AndroidManifest.xml:26:9-35
	android:theme
		ADDED from src\main\AndroidManifest.xml:30:9-47
meta-data#asset_statements
INJECTED from src\main\AndroidManifest.xml:32:9-34:50
	android:value
		INJECTED from src\main\AndroidManifest.xml
		ADDED from src\main\AndroidManifest.xml:34:13-47
	android:name
		ADDED from src\main\AndroidManifest.xml:33:13-44
activity#android.support.customtabs.trusted.LauncherActivity
INJECTED from src\main\AndroidManifest.xml:36:9-53:20
	android:label
		INJECTED from src\main\AndroidManifest.xml
		ADDED from src\main\AndroidManifest.xml:37:13-44
	android:name
		ADDED from src\main\AndroidManifest.xml:36:19-85
meta-data#android.support.customtabs.trusted.DEFAULT_URL
INJECTED from src\main\AndroidManifest.xml:38:13-39:49
	android:value
		INJECTED from src\main\AndroidManifest.xml
		ADDED from src\main\AndroidManifest.xml:39:17-46
	android:name
		ADDED from src\main\AndroidManifest.xml:38:24-85
data
INJECTED from src\main\AndroidManifest.xml:50:17-51:49
	android:host
		INJECTED from src\main\AndroidManifest.xml
		ADDED from src\main\AndroidManifest.xml:51:21-47
	android:scheme
		ADDED from src\main\AndroidManifest.xml:50:23-45
manifest
ADDED from src\main\AndroidManifest.xml:22:1-55:12
INJECTED from src\main\AndroidManifest.xml:22:1-55:12
INJECTED from src\main\AndroidManifest.xml:22:1-55:12
INJECTED from src\main\AndroidManifest.xml:22:1-55:12
MERGED from [com.github.GoogleChrome.custom-tabs-client:customtabs:126c460] AndroidManifest.xml:17:1-25:12
MERGED from [com.github.GoogleChrome.custom-tabs-client:shared:126c460] AndroidManifest.xml:17:1-28:12
MERGED from [com.android.support:appcompat-v7:27.0.2] AndroidManifest.xml:17:1-22:12
MERGED from [com.android.support:support-v4:27.0.2] AndroidManifest.xml:17:1-22:12
MERGED from [com.android.support:support-fragment:27.0.2] AndroidManifest.xml:17:1-22:12
MERGED from [com.android.support:animated-vector-drawable:27.0.2] AndroidManifest.xml:17:1-22:12
MERGED from [com.android.support:support-core-ui:27.0.2] AndroidManifest.xml:17:1-22:12
MERGED from [com.android.support:support-media-compat:27.0.2] AndroidManifest.xml:17:1-22:12
MERGED from [com.android.support:support-core-utils:27.0.2] AndroidManifest.xml:17:1-22:12
MERGED from [com.android.support:support-vector-drawable:27.0.2] AndroidManifest.xml:17:1-22:12
MERGED from [com.android.support:support-compat:27.0.2] AndroidManifest.xml:17:1-22:12
MERGED from [android.arch.lifecycle:runtime:1.0.3] AndroidManifest.xml:17:1-24:12
INJECTED from src\main\AndroidManifest.xml:22:1-55:12
INJECTED from src\main\AndroidManifest.xml:22:1-55:12
INJECTED from src\main\AndroidManifest.xml:22:1-55:12
	package
		ADDED from src\main\AndroidManifest.xml:23:5-30
		INJECTED from src\main\AndroidManifest.xml
		INJECTED from src\main\AndroidManifest.xml
	android:versionName
		INJECTED from src\main\AndroidManifest.xml
		ADDED from src\main\AndroidManifest.xml:22:1-55:12
		INJECTED from src\main\AndroidManifest.xml
	android:versionCode
		INJECTED from src\main\AndroidManifest.xml
		ADDED from src\main\AndroidManifest.xml:22:1-55:12
		INJECTED from src\main\AndroidManifest.xml
	xmlns:android
		ADDED from src\main\AndroidManifest.xml:22:11-69
uses-sdk
INJECTED from src\main\AndroidManifest.xml reason: use-sdk injection requested
INJECTED from src\main\AndroidManifest.xml
INJECTED from src\main\AndroidManifest.xml
MERGED from [com.github.GoogleChrome.custom-tabs-client:customtabs:126c460] AndroidManifest.xml:20:5-44
MERGED from [com.github.GoogleChrome.custom-tabs-client:customtabs:126c460] AndroidManifest.xml:20:5-44
MERGED from [com.github.GoogleChrome.custom-tabs-client:shared:126c460] AndroidManifest.xml:22:5-24:41
MERGED from [com.github.GoogleChrome.custom-tabs-client:shared:126c460] AndroidManifest.xml:22:5-24:41
MERGED from [com.android.support:appcompat-v7:27.0.2] AndroidManifest.xml:20:5-44
MERGED from [com.android.support:appcompat-v7:27.0.2] AndroidManifest.xml:20:5-44
MERGED from [com.android.support:support-v4:27.0.2] AndroidManifest.xml:20:5-44
MERGED from [com.android.support:support-v4:27.0.2] AndroidManifest.xml:20:5-44
MERGED from [com.android.support:support-fragment:27.0.2] AndroidManifest.xml:20:5-44
MERGED from [com.android.support:support-fragment:27.0.2] AndroidManifest.xml:20:5-44
MERGED from [com.android.support:animated-vector-drawable:27.0.2] AndroidManifest.xml:20:5-44
MERGED from [com.android.support:animated-vector-drawable:27.0.2] AndroidManifest.xml:20:5-44
MERGED from [com.android.support:support-core-ui:27.0.2] AndroidManifest.xml:20:5-44
MERGED from [com.android.support:support-core-ui:27.0.2] AndroidManifest.xml:20:5-44
MERGED from [com.android.support:support-media-compat:27.0.2] AndroidManifest.xml:20:5-44
MERGED from [com.android.support:support-media-compat:27.0.2] AndroidManifest.xml:20:5-44
MERGED from [com.android.support:support-core-utils:27.0.2] AndroidManifest.xml:20:5-44
MERGED from [com.android.support:support-core-utils:27.0.2] AndroidManifest.xml:20:5-44
MERGED from [com.android.support:support-vector-drawable:27.0.2] AndroidManifest.xml:20:5-44
MERGED from [com.android.support:support-vector-drawable:27.0.2] AndroidManifest.xml:20:5-44
MERGED from [com.android.support:support-compat:27.0.2] AndroidManifest.xml:20:5-44
MERGED from [com.android.support:support-compat:27.0.2] AndroidManifest.xml:20:5-44
MERGED from [android.arch.lifecycle:runtime:1.0.3] AndroidManifest.xml:20:5-22:41
MERGED from [android.arch.lifecycle:runtime:1.0.3] AndroidManifest.xml:20:5-22:41
INJECTED from src\main\AndroidManifest.xml
INJECTED from src\main\AndroidManifest.xml
	android:targetSdkVersion
		INJECTED from src\main\AndroidManifest.xml
		ADDED from src\main\AndroidManifest.xml
		INJECTED from src\main\AndroidManifest.xml
	android:minSdkVersion
		INJECTED from src\main\AndroidManifest.xml
		ADDED from src\main\AndroidManifest.xml
		INJECTED from src\main\AndroidManifest.xml
intent-filter#action:name:android.intent.action.MAIN+category:name:android.intent.category.LAUNCHER
ADDED from src\main\AndroidManifest.xml:41:13-44:29
action#android.intent.action.MAIN
ADDED from src\main\AndroidManifest.xml:42:17-69
	android:name
		ADDED from src\main\AndroidManifest.xml:42:25-66
category#android.intent.category.LAUNCHER
ADDED from src\main\AndroidManifest.xml:43:17-77
	android:name
		ADDED from src\main\AndroidManifest.xml:43:27-74
intent-filter#action:name:android.intent.action.VIEW+category:name:android.intent.category.BROWSABLE+category:name:android.intent.category.DEFAULT+data:host:xyz.appmaker.hcgxoc+data:scheme:https
ADDED from src\main\AndroidManifest.xml:46:13-52:29
action#android.intent.action.VIEW
ADDED from src\main\AndroidManifest.xml:47:17-68
	android:name
		ADDED from src\main\AndroidManifest.xml:47:25-66
category#android.intent.category.DEFAULT
ADDED from src\main\AndroidManifest.xml:48:17-76
	android:name
		ADDED from src\main\AndroidManifest.xml:48:27-73
category#android.intent.category.BROWSABLE
ADDED from src\main\AndroidManifest.xml:49:17-77
	android:name
		ADDED from src\main\AndroidManifest.xml:49:27-75